0 info it worked if it ends with ok
1 verbose cli [ 'C:\\Program Files\\nodejs\\node.exe',
1 verbose cli   'C:\\Program Files\\nodejs\\node_modules\\npm\\bin\\npm-cli.js',
1 verbose cli   'start' ]
2 info using npm@3.10.10
3 info using node@v6.9.5
4 verbose run-script [ 'prestart', 'start', 'poststart' ]
5 info lifecycle mean-skeleton@0.4.1~prestart: mean-skeleton@0.4.1
6 silly lifecycle mean-skeleton@0.4.1~prestart: no script for prestart, continuing
7 info lifecycle mean-skeleton@0.4.1~start: mean-skeleton@0.4.1
8 verbose lifecycle mean-skeleton@0.4.1~start: unsafe-perm in lifecycle true
9 verbose lifecycle mean-skeleton@0.4.1~start: PATH: C:\Program Files\nodejs\node_modules\npm\bin\node-gyp-bin;C:\Users\jmara\desktop\MEAN\mean-skeleton\node_modules\.bin;C:\Users\jmara\AppData\Local\GitHub\PortableGit_f02737a78695063deace08e96d5042710d3e32db\cmd;C:\Users\jmara\AppData\Local\GitHub\PortableGit_f02737a78695063deace08e96d5042710d3e32db\usr\bin;C:\Users\jmara\AppData\Local\GitHub\PortableGit_f02737a78695063deace08e96d5042710d3e32db\usr\share\git-tfs;C:\Users\jmara\AppData\Local\Apps\2.0\V38TOQC6.5XJ\XOCG8MEX.QAO\gith..tion_317444273a93ac29_0003.0003_5794af8169eeff14;C:\Users\jmara\AppData\Local\GitHub\lfs-amd64_1.5.5;C:\ProgramData\Oracle\Java\javapath;C:\WINDOWS\system32;C:\WINDOWS;C:\WINDOWS\System32\Wbem;C:\WINDOWS\System32\WindowsPowerShell\v1.0\;C:\Program Files\nodejs\;C:\Program Files (x86)\GtkSharp\2.12\bin;C:\Program Files\Git\cmd;C:\Program Files\PuTTY\;C:\RubyDevKit\bin;C:\Go\bin;C:\mongodb\Server\3.4\bin;C:\Ruby23\bin;C:\Users\jmara\AppData\Local\Microsoft\WindowsApps;C:\Users\jmara\AppData\Roaming\npm;C:\Users\jmara\AppData\Local\Apps\2.0\V38TOQC6.5XJ\XOCG8MEX.QAO\gith..tion_317444273a93ac29_0003.0003_5794af8169eeff14;C:\Users\jmara\AppData\Local\atom\bin;C:\Python27;C:\Python27\Scripts;C:\Program Files\Heroku\bin;C:\Program Files\Java\jdk1.7.0\bin;C:\Program Files (x86)\MSBuild\14.0\bin\;C:\Program Files (x86)\Microsoft SDKs\Windows\v8.1A\bin\NETFX 4.5.1 Tools\x64
10 verbose lifecycle mean-skeleton@0.4.1~start: CWD: C:\Users\jmara\desktop\MEAN\mean-skeleton
11 silly lifecycle mean-skeleton@0.4.1~start: Args: [ '/d /s /c', 'node server.js' ]
12 silly lifecycle mean-skeleton@0.4.1~start: Returned: code: 1  signal: null
13 info lifecycle mean-skeleton@0.4.1~start: Failed to exec start script
14 verbose stack Error: mean-skeleton@0.4.1 start: `node server.js`
14 verbose stack Exit status 1
14 verbose stack     at EventEmitter.<anonymous> (C:\Program Files\nodejs\node_modules\npm\lib\utils\lifecycle.js:255:16)
14 verbose stack     at emitTwo (events.js:106:13)
14 verbose stack     at EventEmitter.emit (events.js:191:7)
14 verbose stack     at ChildProcess.<anonymous> (C:\Program Files\nodejs\node_modules\npm\lib\utils\spawn.js:40:14)
14 verbose stack     at emitTwo (events.js:106:13)
14 verbose stack     at ChildProcess.emit (events.js:191:7)
14 verbose stack     at maybeClose (internal/child_process.js:877:16)
14 verbose stack     at Process.ChildProcess._handle.onexit (internal/child_process.js:226:5)
15 verbose pkgid mean-skeleton@0.4.1
16 verbose cwd C:\Users\jmara\desktop\MEAN\mean-skeleton
17 error Windows_NT 10.0.14393
18 error argv "C:\\Program Files\\nodejs\\node.exe" "C:\\Program Files\\nodejs\\node_modules\\npm\\bin\\npm-cli.js" "start"
19 error node v6.9.5
20 error npm  v3.10.10
21 error code ELIFECYCLE
22 error mean-skeleton@0.4.1 start: `node server.js`
22 error Exit status 1
23 error Failed at the mean-skeleton@0.4.1 start script 'node server.js'.
23 error Make sure you have the latest version of node.js and npm installed.
23 error If you do, this is most likely a problem with the mean-skeleton package,
23 error not with npm itself.
23 error Tell the author that this fails on your system:
23 error     node server.js
23 error You can get information on how to open an issue for this project with:
23 error     npm bugs mean-skeleton
23 error Or if that isn't available, you can get their info via:
23 error     npm owner ls mean-skeleton
23 error There is likely additional logging output above.
24 verbose exit [ 1, true ]
